====================================================================================================
====================================================================================================
************************************ !!! EXPERIMENT STARTED !!! ************************************
====================================================================================================
====================================================================================================

====================================================================================================
RANDOM STATE: 10
====================================================================================================
----------------------------------------------------------------------------------------------------
1. simulation
----------------------------------------------------------------------------------------------------

Parameters:

Random state: 10
Revisit possible: True
Alpha: 1.5
Beta: 1.5

Results:

First full path iteration: 33
First optimal path iteration: 36
Convergence achieved in iteration: 39
Total Time: 2.12 seconds
Time per Iteration: 0.0500 seconds
Iterations per Second: 18.40
----------------------------------------------------------------------------------------------------
2. simulation
----------------------------------------------------------------------------------------------------

Parameters:

Random state: 10
Revisit possible: True
Alpha: 1.5
Beta: 3.0

Results:

First full path iteration: 4
First optimal path iteration: 5
Convergence achieved in iteration: 41
Total Time: 1.86 seconds
Time per Iteration: 0.0500 seconds
Iterations per Second: 22.04
----------------------------------------------------------------------------------------------------
3. simulation
----------------------------------------------------------------------------------------------------

Parameters:

Random state: 10
Revisit possible: True
Alpha: 3.0
Beta: 1.5

Results:

First full path iteration: 33
First optimal path iteration: 35
Convergence achieved in iteration: 254
Total Time: 10.83 seconds
Time per Iteration: 0.0400 seconds
Iterations per Second: 23.45
----------------------------------------------------------------------------------------------------
4. simulation
----------------------------------------------------------------------------------------------------

Parameters:

Random state: 10
Revisit possible: True
Alpha: 3.0
Beta: 3.0

Results:

First full path iteration: 4
First optimal path iteration: 5
Convergence achieved in iteration: 6
Total Time: 0.34 seconds
Time per Iteration: 0.0600 seconds
Iterations per Second: 17.65
----------------------------------------------------------------------------------------------------
5. simulation
----------------------------------------------------------------------------------------------------

Parameters:

Random state: 10
Revisit possible: False
Alpha: 1.5
Beta: 1.5

Results:

First full path iteration: 2
First optimal path iteration: 3
Convergence achieved in iteration: 22
Total Time: 0.75 seconds
Time per Iteration: 0.0300 seconds
Iterations per Second: 29.33
----------------------------------------------------------------------------------------------------
6. simulation
----------------------------------------------------------------------------------------------------

Parameters:

Random state: 10
Revisit possible: False
Alpha: 1.5
Beta: 3.0

Results:

First full path iteration: 1
First optimal path iteration: 1
Convergence achieved in iteration: 10
Total Time: 0.31 seconds
Time per Iteration: 0.0300 seconds
Iterations per Second: 32.26
----------------------------------------------------------------------------------------------------
7. simulation
----------------------------------------------------------------------------------------------------

Parameters:

Random state: 10
Revisit possible: False
Alpha: 3.0
Beta: 1.5

Results:

First full path iteration: 2
First optimal path iteration: 3
Convergence achieved in iteration: 6
Total Time: 0.18 seconds
Time per Iteration: 0.0300 seconds
Iterations per Second: 33.33
----------------------------------------------------------------------------------------------------
8. simulation
----------------------------------------------------------------------------------------------------

Parameters:

Random state: 10
Revisit possible: False
Alpha: 3.0
Beta: 3.0

Results:

First full path iteration: 1
First optimal path iteration: 1
Convergence achieved in iteration: 5
Total Time: 0.15 seconds
Time per Iteration: 0.0300 seconds
Iterations per Second: 33.33
====================================================================================================
RANDOM STATE: 20
====================================================================================================
----------------------------------------------------------------------------------------------------
9. simulation
----------------------------------------------------------------------------------------------------

Parameters:

Random state: 20
Revisit possible: True
Alpha: 1.5
Beta: 1.5

Results:

First full path iteration: 250
First optimal path iteration: 254
Total Time: 1 minutes and 2.29 seconds
Time per Iteration: 0.0600 seconds
Iterations per Second: 16.05
----------------------------------------------------------------------------------------------------
10. simulation
----------------------------------------------------------------------------------------------------

Parameters:

Random state: 20
Revisit possible: True
Alpha: 1.5
Beta: 3.0

Results:

First full path iteration: 2
First optimal path iteration: 4
Convergence achieved in iteration: 9
Total Time: 0.75 seconds
Time per Iteration: 0.0800 seconds
Iterations per Second: 12.00
----------------------------------------------------------------------------------------------------
11. simulation
----------------------------------------------------------------------------------------------------

Parameters:

Random state: 20
Revisit possible: True
Alpha: 3.0
Beta: 1.5

Results:

First full path iteration: 250
First optimal path iteration: 251
Convergence achieved in iteration: 252
Total Time: 20.40 seconds
Time per Iteration: 0.0800 seconds
Iterations per Second: 12.35
----------------------------------------------------------------------------------------------------
12. simulation
----------------------------------------------------------------------------------------------------

Parameters:

Random state: 20
Revisit possible: True
Alpha: 3.0
Beta: 3.0

Results:

First full path iteration: 2
First optimal path iteration: 4
Convergence achieved in iteration: 4
Total Time: 0.39 seconds
Time per Iteration: 0.1000 seconds
Iterations per Second: 10.26
----------------------------------------------------------------------------------------------------
13. simulation
----------------------------------------------------------------------------------------------------

Parameters:

Random state: 20
Revisit possible: False
Alpha: 1.5
Beta: 1.5

Results:

First full path iteration: 1
First optimal path iteration: 3
Convergence achieved in iteration: 10
Total Time: 0.55 seconds
Time per Iteration: 0.0600 seconds
Iterations per Second: 18.18
----------------------------------------------------------------------------------------------------
14. simulation
----------------------------------------------------------------------------------------------------

Parameters:

Random state: 20
Revisit possible: False
Alpha: 1.5
Beta: 3.0

Results:

First full path iteration: 1
First optimal path iteration: 2
Convergence achieved in iteration: 4
Total Time: 0.21 seconds
Time per Iteration: 0.0500 seconds
Iterations per Second: 19.05
----------------------------------------------------------------------------------------------------
15. simulation
----------------------------------------------------------------------------------------------------

Parameters:

Random state: 20
Revisit possible: False
Alpha: 3.0
Beta: 1.5

Results:

First full path iteration: 1
First optimal path iteration: 2
Convergence achieved in iteration: 6
Total Time: 0.34 seconds
Time per Iteration: 0.0600 seconds
Iterations per Second: 17.65
----------------------------------------------------------------------------------------------------
16. simulation
----------------------------------------------------------------------------------------------------

Parameters:

Random state: 20
Revisit possible: False
Alpha: 3.0
Beta: 3.0

Results:

First full path iteration: 1
First optimal path iteration: 2
Convergence achieved in iteration: 3
Total Time: 0.16 seconds
Time per Iteration: 0.0500 seconds
Iterations per Second: 18.75
====================================================================================================
RANDOM STATE: 30
====================================================================================================
----------------------------------------------------------------------------------------------------
17. simulation
----------------------------------------------------------------------------------------------------

Parameters:

Random state: 30
Revisit possible: True
Alpha: 1.5
Beta: 1.5

Results:

First full path iteration: 11
First optimal path iteration: 16
Convergence achieved in iteration: 19
Total Time: 1.83 seconds
Time per Iteration: 0.1000 seconds
Iterations per Second: 10.38
----------------------------------------------------------------------------------------------------
18. simulation
----------------------------------------------------------------------------------------------------

Parameters:

Random state: 30
Revisit possible: True
Alpha: 1.5
Beta: 3.0

Results:

First full path iteration: 6
First optimal path iteration: 8
Convergence achieved in iteration: 16
Total Time: 1.43 seconds
Time per Iteration: 0.0900 seconds
Iterations per Second: 11.19
----------------------------------------------------------------------------------------------------
19. simulation
----------------------------------------------------------------------------------------------------

Parameters:

Random state: 30
Revisit possible: True
Alpha: 3.0
Beta: 1.5

Results:

First full path iteration: 11
First optimal path iteration: 12
Convergence achieved in iteration: 15
Total Time: 1.46 seconds
Time per Iteration: 0.1000 seconds
Iterations per Second: 10.27
----------------------------------------------------------------------------------------------------
20. simulation
----------------------------------------------------------------------------------------------------

Parameters:

Random state: 30
Revisit possible: True
Alpha: 3.0
Beta: 3.0

Results:

First full path iteration: 6
First optimal path iteration: 8
Convergence achieved in iteration: 15
Total Time: 1.35 seconds
Time per Iteration: 0.0900 seconds
Iterations per Second: 11.11
----------------------------------------------------------------------------------------------------
21. simulation
----------------------------------------------------------------------------------------------------

Parameters:

Random state: 30
Revisit possible: False
Alpha: 1.5
Beta: 1.5

Results:

First full path iteration: 1
First optimal path iteration: 2
Convergence achieved in iteration: 13
Total Time: 0.63 seconds
Time per Iteration: 0.0500 seconds
Iterations per Second: 20.63
----------------------------------------------------------------------------------------------------
22. simulation
----------------------------------------------------------------------------------------------------

Parameters:

Random state: 30
Revisit possible: False
Alpha: 1.5
Beta: 3.0

Results:

First full path iteration: 1
First optimal path iteration: 2
Convergence achieved in iteration: 6
Total Time: 0.18 seconds
Time per Iteration: 0.0300 seconds
Iterations per Second: 33.33
----------------------------------------------------------------------------------------------------
23. simulation
----------------------------------------------------------------------------------------------------

Parameters:

Random state: 30
Revisit possible: False
Alpha: 3.0
Beta: 1.5

Results:

First full path iteration: 1
First optimal path iteration: 2
Convergence achieved in iteration: 6
Total Time: 0.19 seconds
Time per Iteration: 0.0300 seconds
Iterations per Second: 31.58
----------------------------------------------------------------------------------------------------
24. simulation
----------------------------------------------------------------------------------------------------

Parameters:

Random state: 30
Revisit possible: False
Alpha: 3.0
Beta: 3.0

Results:

First full path iteration: 1
First optimal path iteration: 2
Convergence achieved in iteration: 4
Total Time: 0.12 seconds
Time per Iteration: 0.0300 seconds
Iterations per Second: 33.33
====================================================================================================
RANDOM STATE: 40
====================================================================================================
----------------------------------------------------------------------------------------------------
25. simulation
----------------------------------------------------------------------------------------------------

Parameters:

Random state: 40
Revisit possible: True
Alpha: 1.5
Beta: 1.5

Results:

First full path iteration: 125
First optimal path iteration: 127
Convergence achieved in iteration: 188
Total Time: 13.67 seconds
Time per Iteration: 0.0700 seconds
Iterations per Second: 13.75
----------------------------------------------------------------------------------------------------
26. simulation
----------------------------------------------------------------------------------------------------

Parameters:

Random state: 40
Revisit possible: True
Alpha: 1.5
Beta: 3.0

Results:

First full path iteration: 1
First optimal path iteration: 3
Convergence achieved in iteration: 9
Total Time: 0.38 seconds
Time per Iteration: 0.0400 seconds
Iterations per Second: 23.68
----------------------------------------------------------------------------------------------------
27. simulation
----------------------------------------------------------------------------------------------------

Parameters:

Random state: 40
Revisit possible: True
Alpha: 3.0
Beta: 1.5

Results:

First full path iteration: 125
First optimal path iteration: 127
Convergence achieved in iteration: 128
Total Time: 10.86 seconds
Time per Iteration: 0.0800 seconds
Iterations per Second: 11.79
----------------------------------------------------------------------------------------------------
28. simulation
----------------------------------------------------------------------------------------------------

Parameters:

Random state: 40
Revisit possible: True
Alpha: 3.0
Beta: 3.0

Results:

First full path iteration: 1
First optimal path iteration: 3
Convergence achieved in iteration: 3
Total Time: 0.17 seconds
Time per Iteration: 0.0600 seconds
Iterations per Second: 17.65
----------------------------------------------------------------------------------------------------
29. simulation
----------------------------------------------------------------------------------------------------

Parameters:

Random state: 40
Revisit possible: False
Alpha: 1.5
Beta: 1.5

Results:

First full path iteration: 1
First optimal path iteration: 2
Convergence achieved in iteration: 7
Total Time: 0.20 seconds
Time per Iteration: 0.0300 seconds
Iterations per Second: 35.00
----------------------------------------------------------------------------------------------------
30. simulation
----------------------------------------------------------------------------------------------------

Parameters:

Random state: 40
Revisit possible: False
Alpha: 1.5
Beta: 3.0

Results:

First full path iteration: 1
First optimal path iteration: 2
Convergence achieved in iteration: 8
Total Time: 0.36 seconds
Time per Iteration: 0.0400 seconds
Iterations per Second: 22.22
----------------------------------------------------------------------------------------------------
31. simulation
----------------------------------------------------------------------------------------------------

Parameters:

Random state: 40
Revisit possible: False
Alpha: 3.0
Beta: 1.5

Results:

First full path iteration: 1
First optimal path iteration: 2
Convergence achieved in iteration: 7
Total Time: 0.40 seconds
Time per Iteration: 0.0600 seconds
Iterations per Second: 17.50
----------------------------------------------------------------------------------------------------
32. simulation
----------------------------------------------------------------------------------------------------

Parameters:

Random state: 40
Revisit possible: False
Alpha: 3.0
Beta: 3.0

Results:

First full path iteration: 1
First optimal path iteration: 2
Convergence achieved in iteration: 5
Total Time: 0.28 seconds
Time per Iteration: 0.0600 seconds
Iterations per Second: 17.86
====================================================================================================
RANDOM STATE: 50
====================================================================================================
----------------------------------------------------------------------------------------------------
33. simulation
----------------------------------------------------------------------------------------------------

Parameters:

Random state: 50
Revisit possible: True
Alpha: 1.5
Beta: 1.5

Results:

First full path iteration: 45
First optimal path iteration: 50
Convergence achieved in iteration: 220
Total Time: 15.19 seconds
Time per Iteration: 0.0700 seconds
Iterations per Second: 14.48
----------------------------------------------------------------------------------------------------
34. simulation
----------------------------------------------------------------------------------------------------

Parameters:

Random state: 50
Revisit possible: True
Alpha: 1.5
Beta: 3.0

Results:

First full path iteration: 4
First optimal path iteration: 9
Convergence achieved in iteration: 840
Total Time: 48.63 seconds
Time per Iteration: 0.0600 seconds
Iterations per Second: 17.27
----------------------------------------------------------------------------------------------------
35. simulation
----------------------------------------------------------------------------------------------------

Parameters:

Random state: 50
Revisit possible: True
Alpha: 3.0
Beta: 1.5

Results:

First full path iteration: 45
First optimal path iteration: 47
Convergence achieved in iteration: 58
Total Time: 4.64 seconds
Time per Iteration: 0.0800 seconds
Iterations per Second: 12.50
----------------------------------------------------------------------------------------------------
36. simulation
----------------------------------------------------------------------------------------------------

Parameters:

Random state: 50
Revisit possible: True
Alpha: 3.0
Beta: 3.0

Results:

First full path iteration: 4
First optimal path iteration: 5
Convergence achieved in iteration: 58
Total Time: 2.97 seconds
Time per Iteration: 0.0500 seconds
Iterations per Second: 19.53
----------------------------------------------------------------------------------------------------
37. simulation
----------------------------------------------------------------------------------------------------

Parameters:

Random state: 50
Revisit possible: False
Alpha: 1.5
Beta: 1.5

Results:

First full path iteration: 1
First optimal path iteration: 2
Convergence achieved in iteration: 10
Total Time: 0.53 seconds
Time per Iteration: 0.0500 seconds
Iterations per Second: 18.87
----------------------------------------------------------------------------------------------------
38. simulation
----------------------------------------------------------------------------------------------------

Parameters:

Random state: 50
Revisit possible: False
Alpha: 1.5
Beta: 3.0

Results:

First full path iteration: 1
First optimal path iteration: 2
Convergence achieved in iteration: 15
Total Time: 0.87 seconds
Time per Iteration: 0.0600 seconds
Iterations per Second: 17.24
----------------------------------------------------------------------------------------------------
39. simulation
----------------------------------------------------------------------------------------------------

Parameters:

Random state: 50
Revisit possible: False
Alpha: 3.0
Beta: 1.5

Results:

First full path iteration: 1
First optimal path iteration: 2
Convergence achieved in iteration: 4
Total Time: 0.21 seconds
Time per Iteration: 0.0500 seconds
Iterations per Second: 19.05
----------------------------------------------------------------------------------------------------
40. simulation
----------------------------------------------------------------------------------------------------

Parameters:

Random state: 50
Revisit possible: False
Alpha: 3.0
Beta: 3.0

Results:

First full path iteration: 1
First optimal path iteration: 2
Convergence achieved in iteration: 6
Total Time: 0.35 seconds
Time per Iteration: 0.0600 seconds
Iterations per Second: 17.14
====================================================================================================
RANDOM STATE: 60
====================================================================================================
----------------------------------------------------------------------------------------------------
41. simulation
----------------------------------------------------------------------------------------------------

Parameters:

Random state: 60
Revisit possible: True
Alpha: 1.5
Beta: 1.5

Results:

First full path iteration: 96
Optimal path is not found!
Shortest full path: 22
Total Time: 1 minutes and 2.73 seconds
Time per Iteration: 0.0600 seconds
Iterations per Second: 15.94
----------------------------------------------------------------------------------------------------
42. simulation
----------------------------------------------------------------------------------------------------

Parameters:

Random state: 60
Revisit possible: True
Alpha: 1.5
Beta: 3.0

Results:

First full path iteration: 3
First optimal path iteration: 5
Convergence achieved in iteration: 127
Total Time: 7.16 seconds
Time per Iteration: 0.0600 seconds
Iterations per Second: 17.74
----------------------------------------------------------------------------------------------------
43. simulation
----------------------------------------------------------------------------------------------------

Parameters:

Random state: 60
Revisit possible: True
Alpha: 3.0
Beta: 1.5

Results:

First full path iteration: 96
First optimal path iteration: 98
Convergence achieved in iteration: 98
Total Time: 8.69 seconds
Time per Iteration: 0.0900 seconds
Iterations per Second: 11.28
----------------------------------------------------------------------------------------------------
44. simulation
----------------------------------------------------------------------------------------------------

Parameters:

Random state: 60
Revisit possible: True
Alpha: 3.0
Beta: 3.0

Results:

First full path iteration: 3
First optimal path iteration: 4
Convergence achieved in iteration: 37
Total Time: 1.68 seconds
Time per Iteration: 0.0500 seconds
Iterations per Second: 22.02
----------------------------------------------------------------------------------------------------
45. simulation
----------------------------------------------------------------------------------------------------

Parameters:

Random state: 60
Revisit possible: False
Alpha: 1.5
Beta: 1.5

Results:

First full path iteration: 1
First optimal path iteration: 3
Convergence achieved in iteration: 10
Total Time: 0.29 seconds
Time per Iteration: 0.0300 seconds
Iterations per Second: 34.48
----------------------------------------------------------------------------------------------------
46. simulation
----------------------------------------------------------------------------------------------------

Parameters:

Random state: 60
Revisit possible: False
Alpha: 1.5
Beta: 3.0

Results:

First full path iteration: 1
First optimal path iteration: 3
Convergence achieved in iteration: 7
Total Time: 0.22 seconds
Time per Iteration: 0.0300 seconds
Iterations per Second: 31.82
----------------------------------------------------------------------------------------------------
47. simulation
----------------------------------------------------------------------------------------------------

Parameters:

Random state: 60
Revisit possible: False
Alpha: 3.0
Beta: 1.5

Results:

First full path iteration: 1
First optimal path iteration: 3
Total Time: 59.61 seconds
Time per Iteration: 0.0600 seconds
Iterations per Second: 16.78
----------------------------------------------------------------------------------------------------
48. simulation
----------------------------------------------------------------------------------------------------

Parameters:

Random state: 60
Revisit possible: False
Alpha: 3.0
Beta: 3.0

Results:

First full path iteration: 1
First optimal path iteration: 2
Convergence achieved in iteration: 5
Total Time: 0.28 seconds
Time per Iteration: 0.0600 seconds
Iterations per Second: 17.86
====================================================================================================
RANDOM STATE: 70
====================================================================================================
----------------------------------------------------------------------------------------------------
49. simulation
----------------------------------------------------------------------------------------------------

Parameters:

Random state: 70
Revisit possible: True
Alpha: 1.5
Beta: 1.5

Results:

First full path iteration: 586
First optimal path iteration: 600
Convergence achieved in iteration: 602
Total Time: 52.19 seconds
Time per Iteration: 0.0900 seconds
Iterations per Second: 11.53
----------------------------------------------------------------------------------------------------
50. simulation
----------------------------------------------------------------------------------------------------

Parameters:

Random state: 70
Revisit possible: True
Alpha: 1.5
Beta: 3.0

Results:

First full path iteration: 8
First optimal path iteration: 11
Convergence achieved in iteration: 219
Total Time: 13.02 seconds
Time per Iteration: 0.0600 seconds
Iterations per Second: 16.82
----------------------------------------------------------------------------------------------------
51. simulation
----------------------------------------------------------------------------------------------------

Parameters:

Random state: 70
Revisit possible: True
Alpha: 3.0
Beta: 1.5

Results:

First full path iteration: 586
Optimal path is not found!
Shortest full path: 22
Total Time: 1 minutes and 13.68 seconds
Time per Iteration: 0.0700 seconds
Iterations per Second: 13.57
----------------------------------------------------------------------------------------------------
52. simulation
----------------------------------------------------------------------------------------------------

Parameters:

Random state: 70
Revisit possible: True
Alpha: 3.0
Beta: 3.0

Results:

First full path iteration: 8
First optimal path iteration: 10
Convergence achieved in iteration: 12
Total Time: 0.67 seconds
Time per Iteration: 0.0600 seconds
Iterations per Second: 17.91
----------------------------------------------------------------------------------------------------
53. simulation
----------------------------------------------------------------------------------------------------

Parameters:

Random state: 70
Revisit possible: False
Alpha: 1.5
Beta: 1.5

Results:

First full path iteration: 1
First optimal path iteration: 3
Convergence achieved in iteration: 12
Total Time: 0.42 seconds
Time per Iteration: 0.0300 seconds
Iterations per Second: 28.57
----------------------------------------------------------------------------------------------------
54. simulation
----------------------------------------------------------------------------------------------------

Parameters:

Random state: 70
Revisit possible: False
Alpha: 1.5
Beta: 3.0

Results:

First full path iteration: 1
First optimal path iteration: 1
Convergence achieved in iteration: 4
Total Time: 0.21 seconds
Time per Iteration: 0.0500 seconds
Iterations per Second: 19.05
----------------------------------------------------------------------------------------------------
55. simulation
----------------------------------------------------------------------------------------------------

Parameters:

Random state: 70
Revisit possible: False
Alpha: 3.0
Beta: 1.5

Results:

First full path iteration: 1
First optimal path iteration: 2
Convergence achieved in iteration: 6
Total Time: 0.34 seconds
Time per Iteration: 0.0600 seconds
Iterations per Second: 17.65
----------------------------------------------------------------------------------------------------
56. simulation
----------------------------------------------------------------------------------------------------

Parameters:

Random state: 70
Revisit possible: False
Alpha: 3.0
Beta: 3.0

Results:

First full path iteration: 1
First optimal path iteration: 1
Convergence achieved in iteration: 4
Total Time: 0.22 seconds
Time per Iteration: 0.0600 seconds
Iterations per Second: 18.18
====================================================================================================
RANDOM STATE: 80
====================================================================================================
----------------------------------------------------------------------------------------------------
57. simulation
----------------------------------------------------------------------------------------------------

Parameters:

Random state: 80
Revisit possible: True
Alpha: 1.5
Beta: 1.5

Results:

First full path iteration: 72
First optimal path iteration: 75
Convergence achieved in iteration: 491
Total Time: 31.58 seconds
Time per Iteration: 0.0600 seconds
Iterations per Second: 15.55
----------------------------------------------------------------------------------------------------
58. simulation
----------------------------------------------------------------------------------------------------

Parameters:

Random state: 80
Revisit possible: True
Alpha: 1.5
Beta: 3.0

Results:

First full path iteration: 4
First optimal path iteration: 6
Convergence achieved in iteration: 15
Total Time: 0.97 seconds
Time per Iteration: 0.0600 seconds
Iterations per Second: 15.46
----------------------------------------------------------------------------------------------------
59. simulation
----------------------------------------------------------------------------------------------------

Parameters:

Random state: 80
Revisit possible: True
Alpha: 3.0
Beta: 1.5

Results:

First full path iteration: 72
First optimal path iteration: 74
Convergence achieved in iteration: 75
Total Time: 5.51 seconds
Time per Iteration: 0.0700 seconds
Iterations per Second: 13.61
----------------------------------------------------------------------------------------------------
60. simulation
----------------------------------------------------------------------------------------------------

Parameters:

Random state: 80
Revisit possible: True
Alpha: 3.0
Beta: 3.0

Results:

First full path iteration: 4
First optimal path iteration: 6
Convergence achieved in iteration: 66
Total Time: 5.23 seconds
Time per Iteration: 0.0800 seconds
Iterations per Second: 12.62
----------------------------------------------------------------------------------------------------
61. simulation
----------------------------------------------------------------------------------------------------

Parameters:

Random state: 80
Revisit possible: False
Alpha: 1.5
Beta: 1.5

Results:

First full path iteration: 1
First optimal path iteration: 4
Convergence achieved in iteration: 9
Total Time: 0.42 seconds
Time per Iteration: 0.0500 seconds
Iterations per Second: 21.43
----------------------------------------------------------------------------------------------------
62. simulation
----------------------------------------------------------------------------------------------------

Parameters:

Random state: 80
Revisit possible: False
Alpha: 1.5
Beta: 3.0

Results:

First full path iteration: 1
First optimal path iteration: 1
Convergence achieved in iteration: 9
Total Time: 0.49 seconds
Time per Iteration: 0.0500 seconds
Iterations per Second: 18.37
----------------------------------------------------------------------------------------------------
63. simulation
----------------------------------------------------------------------------------------------------

Parameters:

Random state: 80
Revisit possible: False
Alpha: 3.0
Beta: 1.5

Results:

First full path iteration: 1
Optimal path is not found!
Shortest full path: 22
Total Time: 58.41 seconds
Time per Iteration: 0.0600 seconds
Iterations per Second: 17.12
----------------------------------------------------------------------------------------------------
64. simulation
----------------------------------------------------------------------------------------------------

Parameters:

Random state: 80
Revisit possible: False
Alpha: 3.0
Beta: 3.0

Results:

First full path iteration: 1
First optimal path iteration: 1
Convergence achieved in iteration: 5
Total Time: 0.28 seconds
Time per Iteration: 0.0600 seconds
Iterations per Second: 17.86
====================================================================================================
RANDOM STATE: 90
====================================================================================================
----------------------------------------------------------------------------------------------------
65. simulation
----------------------------------------------------------------------------------------------------

Parameters:

Random state: 90
Revisit possible: True
Alpha: 1.5
Beta: 1.5

Results:

First full path iteration: 25
First optimal path iteration: 28
Convergence achieved in iteration: 88
Total Time: 5.04 seconds
Time per Iteration: 0.0600 seconds
Iterations per Second: 17.46
----------------------------------------------------------------------------------------------------
66. simulation
----------------------------------------------------------------------------------------------------

Parameters:

Random state: 90
Revisit possible: True
Alpha: 1.5
Beta: 3.0

Results:

First full path iteration: 2
First optimal path iteration: 4
Convergence achieved in iteration: 484
Total Time: 29.35 seconds
Time per Iteration: 0.0600 seconds
Iterations per Second: 16.49
----------------------------------------------------------------------------------------------------
67. simulation
----------------------------------------------------------------------------------------------------

Parameters:

Random state: 90
Revisit possible: True
Alpha: 3.0
Beta: 1.5

Results:

First full path iteration: 25
Optimal path is not found!
Shortest full path: 22
Total Time: 1 minutes and 7.65 seconds
Time per Iteration: 0.0700 seconds
Iterations per Second: 14.78
----------------------------------------------------------------------------------------------------
68. simulation
----------------------------------------------------------------------------------------------------

Parameters:

Random state: 90
Revisit possible: True
Alpha: 3.0
Beta: 3.0

Results:

First full path iteration: 2
First optimal path iteration: 4
Convergence achieved in iteration: 29
Total Time: 2.31 seconds
Time per Iteration: 0.0800 seconds
Iterations per Second: 12.55
----------------------------------------------------------------------------------------------------
69. simulation
----------------------------------------------------------------------------------------------------

Parameters:

Random state: 90
Revisit possible: False
Alpha: 1.5
Beta: 1.5

Results:

First full path iteration: 1
First optimal path iteration: 6
Total Time: 1 minutes and 2.20 seconds
Time per Iteration: 0.0600 seconds
Iterations per Second: 16.08
----------------------------------------------------------------------------------------------------
70. simulation
----------------------------------------------------------------------------------------------------

Parameters:

Random state: 90
Revisit possible: False
Alpha: 1.5
Beta: 3.0

Results:

First full path iteration: 1
First optimal path iteration: 1
Convergence achieved in iteration: 7
Total Time: 0.21 seconds
Time per Iteration: 0.0300 seconds
Iterations per Second: 33.33
----------------------------------------------------------------------------------------------------
71. simulation
----------------------------------------------------------------------------------------------------

Parameters:

Random state: 90
Revisit possible: False
Alpha: 3.0
Beta: 1.5

Results:

First full path iteration: 1
Optimal path is not found!
Shortest full path: 22
Total Time: 1 minutes and 1.63 seconds
Time per Iteration: 0.0600 seconds
Iterations per Second: 16.23
----------------------------------------------------------------------------------------------------
72. simulation
----------------------------------------------------------------------------------------------------

Parameters:

Random state: 90
Revisit possible: False
Alpha: 3.0
Beta: 3.0

Results:

First full path iteration: 1
First optimal path iteration: 1
Convergence achieved in iteration: 6
Total Time: 0.19 seconds
Time per Iteration: 0.0300 seconds
Iterations per Second: 31.58
====================================================================================================
RANDOM STATE: 100
====================================================================================================
----------------------------------------------------------------------------------------------------
73. simulation
----------------------------------------------------------------------------------------------------

Parameters:

Random state: 100
Revisit possible: True
Alpha: 1.5
Beta: 1.5

Results:

First full path iteration: 50
First optimal path iteration: 52
Convergence achieved in iteration: 59
Total Time: 5.27 seconds
Time per Iteration: 0.0900 seconds
Iterations per Second: 11.20
----------------------------------------------------------------------------------------------------
74. simulation
----------------------------------------------------------------------------------------------------

Parameters:

Random state: 100
Revisit possible: True
Alpha: 1.5
Beta: 3.0

Results:

First full path iteration: 2
First optimal path iteration: 5
Convergence achieved in iteration: 29
Total Time: 2.00 seconds
Time per Iteration: 0.0700 seconds
Iterations per Second: 14.50
----------------------------------------------------------------------------------------------------
75. simulation
----------------------------------------------------------------------------------------------------

Parameters:

Random state: 100
Revisit possible: True
Alpha: 3.0
Beta: 1.5

Results:

First full path iteration: 50
First optimal path iteration: 52
Convergence achieved in iteration: 53
Total Time: 4.11 seconds
Time per Iteration: 0.0800 seconds
Iterations per Second: 12.90
----------------------------------------------------------------------------------------------------
76. simulation
----------------------------------------------------------------------------------------------------

Parameters:

Random state: 100
Revisit possible: True
Alpha: 3.0
Beta: 3.0

Results:

First full path iteration: 2
First optimal path iteration: 3
Convergence achieved in iteration: 4
Total Time: 0.22 seconds
Time per Iteration: 0.0600 seconds
Iterations per Second: 18.18
----------------------------------------------------------------------------------------------------
77. simulation
----------------------------------------------------------------------------------------------------

Parameters:

Random state: 100
Revisit possible: False
Alpha: 1.5
Beta: 1.5

Results:

First full path iteration: 1
First optimal path iteration: 2
Convergence achieved in iteration: 12
Total Time: 0.38 seconds
Time per Iteration: 0.0300 seconds
Iterations per Second: 31.58
----------------------------------------------------------------------------------------------------
78. simulation
----------------------------------------------------------------------------------------------------

Parameters:

Random state: 100
Revisit possible: False
Alpha: 1.5
Beta: 3.0

Results:

First full path iteration: 1
First optimal path iteration: 2
Convergence achieved in iteration: 15
Total Time: 0.51 seconds
Time per Iteration: 0.0300 seconds
Iterations per Second: 29.41
----------------------------------------------------------------------------------------------------
79. simulation
----------------------------------------------------------------------------------------------------

Parameters:

Random state: 100
Revisit possible: False
Alpha: 3.0
Beta: 1.5

Results:

First full path iteration: 1
First optimal path iteration: 2
Convergence achieved in iteration: 4
Total Time: 0.12 seconds
Time per Iteration: 0.0300 seconds
Iterations per Second: 33.33
----------------------------------------------------------------------------------------------------
80. simulation
----------------------------------------------------------------------------------------------------

Parameters:

Random state: 100
Revisit possible: False
Alpha: 3.0
Beta: 3.0

Results:

First full path iteration: 1
First optimal path iteration: 2
Convergence achieved in iteration: 4
Total Time: 0.17 seconds
Time per Iteration: 0.0400 seconds
Iterations per Second: 23.53
====================================================================================================
Results saved in ./results/logs/ACO.csv path.
====================================================================================================
====================================================================================================
************************************ !!! EXPERIMENT FINISHED !!! ***********************************
====================================================================================================
====================================================================================================
